This file contains any messages produced by compilers while
running configure, to aid debugging if configure makes a mistake.

It was created by bem3d configure 0.2, which was
generated by GNU Autoconf 2.69.  Invocation command line was

  $ ./configure --prefix=/home/ensmjc/Codes

## --------- ##
## Platform. ##
## --------- ##

hostname = aerialist-1
uname -m = x86_64
uname -r = 4.4.38
uname -s = Linux
uname -v = #2 SMP Sun Dec 11 16:11:02 CST 2016

/usr/bin/uname -p = Intel(R) Xeon(R) CPU E5-2630 v3 @ 2.40GHz
/bin/uname -X     = unknown

/bin/arch              = x86_64
/usr/bin/arch -k       = unknown
/usr/convex/getsysinfo = unknown
/usr/bin/hostinfo      = unknown
/bin/machine           = unknown
/usr/bin/oslevel       = unknown
/bin/universe          = unknown

PATH: /home/ensmjc/Codes/bin
PATH: /usr/local/bin
PATH: /usr/bin
PATH: /bin
PATH: /usr/games
PATH: /usr/lib64/qt/bin
PATH: /usr/share/texmf/bin


## ----------- ##
## Core tests. ##
## ----------- ##

configure:2344: checking for a BSD-compatible install
configure:2412: result: /usr/bin/ginstall -c
configure:2423: checking whether build environment is sane
configure:2478: result: yes
configure:2629: checking for a thread-safe mkdir -p
configure:2668: result: /usr/bin/mkdir -p
configure:2675: checking for gawk
configure:2691: found /usr/bin/gawk
configure:2702: result: gawk
configure:2713: checking whether make sets $(MAKE)
configure:2735: result: yes
configure:2764: checking whether make supports nested variables
configure:2781: result: yes
configure:2952: checking build system type
configure:2966: result: x86_64-unknown-linux-gnu
configure:2986: checking host system type
configure:2999: result: x86_64-unknown-linux-gnu
configure:3040: checking how to print strings
configure:3067: result: printf
configure:3100: checking for style of include used by make
configure:3128: result: GNU
configure:3199: checking for gcc
configure:3215: found /usr/bin/gcc
configure:3226: result: gcc
configure:3455: checking for C compiler version
configure:3464: gcc --version >&5
gcc (GCC) 5.4.0
Copyright (C) 2015 Free Software Foundation, Inc.
This is free software; see the source for copying conditions.  There is NO
warranty; not even for MERCHANTABILITY or FITNESS FOR A PARTICULAR PURPOSE.

configure:3475: $? = 0
configure:3464: gcc -v >&5
Reading specs from /usr/lib64/gcc/x86_64-slackware-linux/5.4.0/specs
COLLECT_GCC=gcc
COLLECT_LTO_WRAPPER=/usr/libexec/gcc/x86_64-slackware-linux/5.4.0/lto-wrapper
Target: x86_64-slackware-linux
Configured with: ../gcc-5.4.0/configure --prefix=/usr --libdir=/usr/lib64 --mandir=/usr/man --infodir=/usr/info --enable-shared --enable-bootstrap --enable-languages=ada,c,c++,fortran,go,java,lto,objc --enable-threads=posix --enable-checking=release --enable-objc-gc --with-system-zlib --with-python-dir=/lib64/python2.7/site-packages --enable-libstdcxx-dual-abi --with-default-libstdcxx-abi=gcc4-compatible --disable-libunwind-exceptions --enable-__cxa_atexit --enable-libssp --enable-lto --disable-install-libiberty --with-gnu-ld --verbose --enable-java-home --with-java-home=/usr/lib64/jvm/jre --with-jvm-root-dir=/usr/lib64/jvm --with-jvm-jar-dir=/usr/lib64/jvm/jvm-exports --with-arch-directory=amd64 --with-antlr-jar=/root/slackware64-current/source/d/gcc/antlr-runtime-3.4.jar --enable-java-awt=gtk --disable-gtktest --disable-multilib --target=x86_64-slackware-linux --build=x86_64-slackware-linux --host=x86_64-slackware-linux
Thread model: posix
gcc version 5.4.0 (GCC) 
configure:3475: $? = 0
configure:3464: gcc -V >&5
gcc: error: unrecognized command line option '-V'
gcc: fatal error: no input files
compilation terminated.
configure:3475: $? = 1
configure:3464: gcc -qversion >&5
gcc: error: unrecognized command line option '-qversion'
gcc: fatal error: no input files
compilation terminated.
configure:3475: $? = 1
configure:3495: checking whether the C compiler works
configure:3517: gcc    conftest.c  >&5
configure:3521: $? = 0
configure:3569: result: yes
configure:3572: checking for C compiler default output file name
configure:3574: result: a.out
configure:3580: checking for suffix of executables
configure:3587: gcc -o conftest    conftest.c  >&5
configure:3591: $? = 0
configure:3613: result: 
configure:3635: checking whether we are cross compiling
configure:3643: gcc -o conftest    conftest.c  >&5
configure:3647: $? = 0
configure:3654: ./conftest
configure:3658: $? = 0
configure:3673: result: no
configure:3678: checking for suffix of object files
configure:3700: gcc -c   conftest.c >&5
configure:3704: $? = 0
configure:3725: result: o
configure:3729: checking whether we are using the GNU C compiler
configure:3748: gcc -c   conftest.c >&5
configure:3748: $? = 0
configure:3757: result: yes
configure:3766: checking whether gcc accepts -g
configure:3786: gcc -c -g  conftest.c >&5
configure:3786: $? = 0
configure:3827: result: yes
configure:3844: checking for gcc option to accept ISO C89
configure:3907: gcc  -c -g -O2  conftest.c >&5
configure:3907: $? = 0
configure:3920: result: none needed
configure:3945: checking whether gcc understands -c and -o together
configure:3967: gcc -c conftest.c -o conftest2.o
configure:3970: $? = 0
configure:3967: gcc -c conftest.c -o conftest2.o
configure:3970: $? = 0
configure:3982: result: yes
configure:4001: checking dependency style of gcc
configure:4112: result: gcc3
configure:4127: checking for a sed that does not truncate output
configure:4191: result: /usr/bin/sed
configure:4209: checking for grep that handles long lines and -e
configure:4267: result: /usr/bin/grep
configure:4272: checking for egrep
configure:4334: result: /usr/bin/grep -E
configure:4339: checking for fgrep
configure:4401: result: /usr/bin/grep -F
configure:4436: checking for ld used by gcc
configure:4503: result: /usr/x86_64-slackware-linux/bin/ld
configure:4510: checking if the linker (/usr/x86_64-slackware-linux/bin/ld) is GNU ld
configure:4525: result: yes
configure:4537: checking for BSD- or MS-compatible name lister (nm)
configure:4591: result: /usr/bin/nm -B
configure:4721: checking the name lister (/usr/bin/nm -B) interface
configure:4728: gcc -c -g -O2  conftest.c >&5
configure:4731: /usr/bin/nm -B "conftest.o"
configure:4734: output
0000000000000000 B some_variable
configure:4741: result: BSD nm
configure:4744: checking whether ln -s works
configure:4748: result: yes
configure:4756: checking the maximum length of command line arguments
configure:4887: result: 1572864
configure:4935: checking how to convert x86_64-unknown-linux-gnu file names to x86_64-unknown-linux-gnu format
configure:4975: result: func_convert_file_noop
configure:4982: checking how to convert x86_64-unknown-linux-gnu file names to toolchain format
configure:5002: result: func_convert_file_noop
configure:5009: checking for /usr/x86_64-slackware-linux/bin/ld option to reload object files
configure:5016: result: -r
configure:5090: checking for objdump
configure:5106: found /usr/bin/objdump
configure:5117: result: objdump
configure:5149: checking how to recognize dependent libraries
configure:5349: result: pass_all
configure:5434: checking for dlltool
configure:5450: found /usr/bin/dlltool
configure:5461: result: dlltool
configure:5494: checking how to associate runtime and link libraries
configure:5521: result: printf %s\n
configure:5582: checking for ar
configure:5598: found /usr/bin/ar
configure:5609: result: ar
configure:5646: checking for archiver @FILE support
configure:5663: gcc -c -g -O2  conftest.c >&5
configure:5663: $? = 0
configure:5666: ar cru libconftest.a @conftest.lst >&5
configure:5669: $? = 0
configure:5674: ar cru libconftest.a @conftest.lst >&5
ar: conftest.o: No such file or directory
configure:5677: $? = 1
configure:5689: result: @
configure:5747: checking for strip
configure:5763: found /usr/bin/strip
configure:5774: result: strip
configure:5846: checking for ranlib
configure:5862: found /usr/bin/ranlib
configure:5873: result: ranlib
configure:5975: checking command to parse /usr/bin/nm -B output from gcc object
configure:6128: gcc -c -g -O2  conftest.c >&5
configure:6131: $? = 0
configure:6135: /usr/bin/nm -B conftest.o \| sed -n -e 's/^.*[ ]\([ABCDGIRSTW][ABCDGIRSTW]*\)[ ][ ]*\([_A-Za-z][_A-Za-z0-9]*\)$/\1 \2 \2/p' | sed '/ __gnu_lto/d' \> conftest.nm
configure:6138: $? = 0
configure:6204: gcc -o conftest -g -O2   conftest.c conftstm.o >&5
configure:6207: $? = 0
configure:6245: result: ok
configure:6292: checking for sysroot
configure:6322: result: no
configure:6329: checking for a working dd
configure:6367: result: /usr/bin/dd
configure:6371: checking how to truncate binary pipes
configure:6386: result: /usr/bin/dd bs=4096 count=1
configure:6522: gcc -c -g -O2  conftest.c >&5
configure:6525: $? = 0
configure:6715: checking for mt
configure:6731: found /bin/mt
configure:6742: result: mt
configure:6765: checking if mt is a manifest tool
configure:6771: mt '-?'
usage: mt [-v] [--version] [-h] [ -f device ] command [ count ]
configure:6779: result: no
configure:7456: checking how to run the C preprocessor
configure:7487: gcc -E  conftest.c
configure:7487: $? = 0
configure:7501: gcc -E  conftest.c
conftest.c:13:28: fatal error: ac_nonexistent.h: No such file or directory
compilation terminated.
configure:7501: $? = 1
configure: failed program was:
| /* confdefs.h */
| #define PACKAGE_NAME "bem3d"
| #define PACKAGE_TARNAME "bem3d"
| #define PACKAGE_VERSION "0.2"
| #define PACKAGE_STRING "bem3d 0.2"
| #define PACKAGE_BUGREPORT ""
| #define PACKAGE_URL ""
| #define PACKAGE "bem3d"
| #define VERSION "0.2"
| #define BEM3D_INTERFACE_AGE 1
| #define BEM3D_BINARY_AGE 1
| /* end confdefs.h.  */
| #include <ac_nonexistent.h>
configure:7526: result: gcc -E
configure:7546: gcc -E  conftest.c
configure:7546: $? = 0
configure:7560: gcc -E  conftest.c
conftest.c:13:28: fatal error: ac_nonexistent.h: No such file or directory
compilation terminated.
configure:7560: $? = 1
configure: failed program was:
| /* confdefs.h */
| #define PACKAGE_NAME "bem3d"
| #define PACKAGE_TARNAME "bem3d"
| #define PACKAGE_VERSION "0.2"
| #define PACKAGE_STRING "bem3d 0.2"
| #define PACKAGE_BUGREPORT ""
| #define PACKAGE_URL ""
| #define PACKAGE "bem3d"
| #define VERSION "0.2"
| #define BEM3D_INTERFACE_AGE 1
| #define BEM3D_BINARY_AGE 1
| /* end confdefs.h.  */
| #include <ac_nonexistent.h>
configure:7589: checking for ANSI C header files
configure:7609: gcc -c -g -O2  conftest.c >&5
configure:7609: $? = 0
configure:7682: gcc -o conftest -g -O2   conftest.c  >&5
configure:7682: $? = 0
configure:7682: ./conftest
configure:7682: $? = 0
configure:7693: result: yes
configure:7706: checking for sys/types.h
configure:7706: gcc -c -g -O2  conftest.c >&5
configure:7706: $? = 0
configure:7706: result: yes
configure:7706: checking for sys/stat.h
configure:7706: gcc -c -g -O2  conftest.c >&5
configure:7706: $? = 0
configure:7706: result: yes
configure:7706: checking for stdlib.h
configure:7706: gcc -c -g -O2  conftest.c >&5
configure:7706: $? = 0
configure:7706: result: yes
configure:7706: checking for string.h
configure:7706: gcc -c -g -O2  conftest.c >&5
configure:7706: $? = 0
configure:7706: result: yes
configure:7706: checking for memory.h
configure:7706: gcc -c -g -O2  conftest.c >&5
configure:7706: $? = 0
configure:7706: result: yes
configure:7706: checking for strings.h
configure:7706: gcc -c -g -O2  conftest.c >&5
configure:7706: $? = 0
configure:7706: result: yes
configure:7706: checking for inttypes.h
configure:7706: gcc -c -g -O2  conftest.c >&5
configure:7706: $? = 0
configure:7706: result: yes
configure:7706: checking for stdint.h
configure:7706: gcc -c -g -O2  conftest.c >&5
configure:7706: $? = 0
configure:7706: result: yes
configure:7706: checking for unistd.h
configure:7706: gcc -c -g -O2  conftest.c >&5
configure:7706: $? = 0
configure:7706: result: yes
configure:7720: checking for dlfcn.h
configure:7720: gcc -c -g -O2  conftest.c >&5
configure:7720: $? = 0
configure:7720: result: yes
configure:7976: checking for objdir
configure:7991: result: .libs
configure:8255: checking if gcc supports -fno-rtti -fno-exceptions
configure:8273: gcc -c -g -O2  -fno-rtti -fno-exceptions conftest.c >&5
cc1: warning: command line option '-fno-rtti' is valid for C++/ObjC++ but not for C
configure:8277: $? = 0
configure:8290: result: no
configure:8648: checking for gcc option to produce PIC
configure:8655: result: -fPIC -DPIC
configure:8663: checking if gcc PIC flag -fPIC -DPIC works
configure:8681: gcc -c -g -O2  -fPIC -DPIC -DPIC conftest.c >&5
configure:8685: $? = 0
configure:8698: result: yes
configure:8727: checking if gcc static flag -static works
configure:8755: result: yes
configure:8770: checking if gcc supports -c -o file.o
configure:8791: gcc -c -g -O2  -o out/conftest2.o conftest.c >&5
configure:8795: $? = 0
configure:8817: result: yes
configure:8825: checking if gcc supports -c -o file.o
configure:8872: result: yes
configure:8905: checking whether the gcc linker (/usr/x86_64-slackware-linux/bin/ld -m elf_x86_64) supports shared libraries
configure:10164: result: yes
configure:10201: checking whether -lc should be explicitly linked in
configure:10209: gcc -c -g -O2  conftest.c >&5
configure:10212: $? = 0
configure:10227: gcc -shared  -fPIC -DPIC conftest.o  -v -Wl,-soname -Wl,conftest -o conftest 2\>\&1 \| /usr/bin/grep  -lc  \>/dev/null 2\>\&1
configure:10230: $? = 0
configure:10244: result: no
configure:10404: checking dynamic linker characteristics
configure:10985: gcc -o conftest -g -O2   -Wl,-rpath -Wl,/foo conftest.c  >&5
configure:10985: $? = 0
configure:11222: result: GNU/Linux ld.so
configure:11344: checking how to hardcode library paths into programs
configure:11369: result: immediate
configure:11917: checking whether stripping libraries is possible
configure:11922: result: yes
configure:11957: checking if libtool supports shared libraries
configure:11959: result: yes
configure:11962: checking whether to build shared libraries
configure:11987: result: yes
configure:11990: checking whether to build static libraries
configure:11994: result: yes
configure:12082: checking for gcc
configure:12109: result: gcc
configure:12338: checking for C compiler version
configure:12347: gcc --version >&5
gcc (GCC) 5.4.0
Copyright (C) 2015 Free Software Foundation, Inc.
This is free software; see the source for copying conditions.  There is NO
warranty; not even for MERCHANTABILITY or FITNESS FOR A PARTICULAR PURPOSE.

configure:12358: $? = 0
configure:12347: gcc -v >&5
Reading specs from /usr/lib64/gcc/x86_64-slackware-linux/5.4.0/specs
COLLECT_GCC=gcc
COLLECT_LTO_WRAPPER=/usr/libexec/gcc/x86_64-slackware-linux/5.4.0/lto-wrapper
Target: x86_64-slackware-linux
Configured with: ../gcc-5.4.0/configure --prefix=/usr --libdir=/usr/lib64 --mandir=/usr/man --infodir=/usr/info --enable-shared --enable-bootstrap --enable-languages=ada,c,c++,fortran,go,java,lto,objc --enable-threads=posix --enable-checking=release --enable-objc-gc --with-system-zlib --with-python-dir=/lib64/python2.7/site-packages --enable-libstdcxx-dual-abi --with-default-libstdcxx-abi=gcc4-compatible --disable-libunwind-exceptions --enable-__cxa_atexit --enable-libssp --enable-lto --disable-install-libiberty --with-gnu-ld --verbose --enable-java-home --with-java-home=/usr/lib64/jvm/jre --with-jvm-root-dir=/usr/lib64/jvm --with-jvm-jar-dir=/usr/lib64/jvm/jvm-exports --with-arch-directory=amd64 --with-antlr-jar=/root/slackware64-current/source/d/gcc/antlr-runtime-3.4.jar --enable-java-awt=gtk --disable-gtktest --disable-multilib --target=x86_64-slackware-linux --build=x86_64-slackware-linux --host=x86_64-slackware-linux
Thread model: posix
gcc version 5.4.0 (GCC) 
configure:12358: $? = 0
configure:12347: gcc -V >&5
gcc: error: unrecognized command line option '-V'
gcc: fatal error: no input files
compilation terminated.
configure:12358: $? = 1
configure:12347: gcc -qversion >&5
gcc: error: unrecognized command line option '-qversion'
gcc: fatal error: no input files
compilation terminated.
configure:12358: $? = 1
configure:12362: checking whether we are using the GNU C compiler
configure:12390: result: yes
configure:12399: checking whether gcc accepts -g
configure:12460: result: yes
configure:12477: checking for gcc option to accept ISO C89
configure:12553: result: none needed
configure:12578: checking whether gcc understands -c and -o together
configure:12615: result: yes
configure:12634: checking dependency style of gcc
configure:12745: result: gcc3
configure:12819: checking for g77
configure:12835: found /usr/bin/g77
configure:12846: result: g77
configure:12872: checking for Fortran 77 compiler version
configure:12881: g77 --version >&5
GNU Fortran (GCC) 5.4.0
Copyright (C) 2015 Free Software Foundation, Inc.

GNU Fortran comes with NO WARRANTY, to the extent permitted by law.
You may redistribute copies of GNU Fortran
under the terms of the GNU General Public License.
For more information about these matters, see the file named COPYING

configure:12892: $? = 0
configure:12881: g77 -v >&5
Reading specs from /usr/lib64/gcc/x86_64-slackware-linux/5.4.0/specs
COLLECT_GCC=g77
COLLECT_LTO_WRAPPER=/usr/libexec/gcc/x86_64-slackware-linux/5.4.0/lto-wrapper
Target: x86_64-slackware-linux
Configured with: ../gcc-5.4.0/configure --prefix=/usr --libdir=/usr/lib64 --mandir=/usr/man --infodir=/usr/info --enable-shared --enable-bootstrap --enable-languages=ada,c,c++,fortran,go,java,lto,objc --enable-threads=posix --enable-checking=release --enable-objc-gc --with-system-zlib --with-python-dir=/lib64/python2.7/site-packages --enable-libstdcxx-dual-abi --with-default-libstdcxx-abi=gcc4-compatible --disable-libunwind-exceptions --enable-__cxa_atexit --enable-libssp --enable-lto --disable-install-libiberty --with-gnu-ld --verbose --enable-java-home --with-java-home=/usr/lib64/jvm/jre --with-jvm-root-dir=/usr/lib64/jvm --with-jvm-jar-dir=/usr/lib64/jvm/jvm-exports --with-arch-directory=amd64 --with-antlr-jar=/root/slackware64-current/source/d/gcc/antlr-runtime-3.4.jar --enable-java-awt=gtk --disable-gtktest --disable-multilib --target=x86_64-slackware-linux --build=x86_64-slackware-linux --host=x86_64-slackware-linux
Thread model: posix
gcc version 5.4.0 (GCC) 
configure:12892: $? = 0
configure:12881: g77 -V >&5
g77: error: unrecognized command line option '-V'
g77: fatal error: no input files
compilation terminated.
configure:12892: $? = 1
configure:12881: g77 -qversion >&5
g77: error: unrecognized command line option '-qversion'
g77: fatal error: no input files
compilation terminated.
configure:12892: $? = 1
configure:12901: checking whether we are using the GNU Fortran 77 compiler
configure:12914: g77 -c  conftest.F >&5
configure:12914: $? = 0
configure:12923: result: yes
configure:12929: checking whether g77 accepts -g
configure:12940: g77 -c -g conftest.f >&5
configure:12940: $? = 0
configure:12948: result: yes
configure:13077: checking if libtool supports shared libraries
configure:13079: result: yes
configure:13082: checking whether to build shared libraries
configure:13106: result: yes
configure:13109: checking whether to build static libraries
configure:13113: result: yes
configure:13465: checking for g77 option to produce PIC
configure:13472: result: -fPIC
configure:13480: checking if g77 PIC flag -fPIC works
configure:13498: g77 -c -g -O2 -fPIC conftest.f >&5
configure:13502: $? = 0
configure:13515: result: yes
configure:13538: checking if g77 static flag -static works
configure:13566: result: yes
configure:13578: checking if g77 supports -c -o file.o
configure:13599: g77 -c -g -O2 -o out/conftest2.o conftest.f >&5
configure:13603: $? = 0
configure:13625: result: yes
configure:13630: checking if g77 supports -c -o file.o
configure:13677: result: yes
configure:13707: checking whether the g77 linker (/usr/x86_64-slackware-linux/bin/ld -m elf_x86_64) supports shared libraries
configure:14916: result: yes
configure:15057: checking dynamic linker characteristics
configure:15796: result: GNU/Linux ld.so
configure:15861: checking how to hardcode library paths into programs
configure:15886: result: immediate
configure:15924: checking for gawk
configure:15951: result: gawk
configure:15962: checking for library containing strerror
configure:15993: gcc -o conftest -g -O2 -Wall -Werror-implicit-function-declaration -Wstrict-prototypes -Wmissing-prototypes -Wmissing-declarations   conftest.c  >&5
conftest.c:32:1: warning: function declaration isn't a prototype [-Wstrict-prototypes]
 char strerror ();
 ^
conftest.c:34:1: warning: function declaration isn't a prototype [-Wstrict-prototypes]
 main ()
 ^
configure:15993: $? = 0
configure:16010: result: none required
configure:16018: checking for ANSI C header files
configure:16122: result: yes
configure:16185: checking for pkg-config
configure:16203: found /usr/bin/pkg-config
configure:16215: result: /usr/bin/pkg-config
configure:16240: checking pkg-config is at least version 0.9.0
configure:16243: result: yes
configure:16254: checking for gts
configure:16261: $PKG_CONFIG --exists --print-errors "gts"
configure:16264: $? = 0
configure:16278: $PKG_CONFIG --exists --print-errors "gts"
configure:16281: $? = 0
configure:16421: result: yes
configure:16429: checking for gsl-config
configure:16445: found /usr/bin/gsl-config
configure:16457: result: yes
configure:16481: checking for gqr-config
configure:16497: found /home/ensmjc/Codes/bin/gqr-config
configure:16509: result: yes
configure:16536: checking for sisl-config
configure:16552: found /home/ensmjc/Codes/bin/sisl-config
configure:16564: result: yes
configure:16591: checking for wmpi-config
configure:16607: found /home/ensmjc/Codes/bin/wmpi-config
configure:16619: result: yes
configure:16660: checking for fmmlib3d-1.2
configure:16673: result: yes
configure:16696: checking for libmatheval
configure:16703: $PKG_CONFIG --exists --print-errors "libmatheval"
configure:16706: $? = 0
configure:16720: $PKG_CONFIG --exists --print-errors "libmatheval"
configure:16723: $? = 0
configure:16763: result: yes
configure:16793: checking for sqrt in -lm
configure:16818: gcc -o conftest -g -O2 -Wall -Werror-implicit-function-declaration -Wstrict-prototypes -Wmissing-prototypes -Wmissing-declarations -I/usr/local/include -I/usr/include/glib-2.0 -I/usr/lib64/glib-2.0/include -I/usr/include/glib-2.0 -I/usr/lib64/glib-2.0/include -I/usr/include -I/home/ensmjc/Codes/include -I/usr/include   -lgts -lgthread-2.0 -pthread -Wl,--export-dynamic -lgmodule-2.0 -pthread -lglib-2.0 -L/home/ensmjc/Codes/lib -lgqr -L/usr/lib64 -lgsl -lgslcblas -lm -llapack -lcblas -lf77blas -latlas -lm -L/usr/lib64/gcc/x86_64-slackware-linux/5.4.0 -L/usr/lib64/gcc/x86_64-slackware-linux/5.4.0/../../../../lib64 -L/lib/../lib64 -L/usr/lib/../lib64 -L/usr/lib64/gcc/x86_64-slackware-linux/5.4.0/../../../../x86_64-slackware-linux/lib -L/usr/lib64/gcc/x86_64-slackware-linux/5.4.0/../../.. -lgfortran -lm -lquadmath -L/usr/lib64 -lgsl -lgslcblas -lm conftest.c -lm   >&5
conftest.c:38:1: warning: function declaration isn't a prototype [-Wstrict-prototypes]
 char sqrt ();
 ^
conftest.c:38:6: warning: conflicting types for built-in function 'sqrt'
 char sqrt ();
      ^
conftest.c:40:1: warning: function declaration isn't a prototype [-Wstrict-prototypes]
 main ()
 ^
configure:16818: $? = 0
configure:16827: result: yes
configure:16956: checking that generated files are newer than configure
configure:16962: result: done
configure:16993: creating ./config.status

## ---------------------- ##
## Running config.status. ##
## ---------------------- ##

This file was extended by bem3d config.status 0.2, which was
generated by GNU Autoconf 2.69.  Invocation command line was

  CONFIG_FILES    = 
  CONFIG_HEADERS  = 
  CONFIG_LINKS    = 
  CONFIG_COMMANDS = 
  $ ./config.status 

on aerialist-1

config.status:1201: creating Makefile
config.status:1201: creating src/Makefile
config.status:1201: creating src/bem3d-config
config.status:1201: creating tools/Makefile
config.status:1201: creating doc/Makefile
config.status:1201: creating doc/html/Makefile
config.status:1201: creating mpitools/Makefile
config.status:1201: creating mpitools/bem3d-pbs-run
config.status:1201: creating config.h
config.status:1382: config.h is unchanged
config.status:1430: executing depfiles commands
config.status:1430: executing libtool commands
config.status:1430: executing default-1 commands

## ---------------- ##
## Cache variables. ##
## ---------------- ##

ac_cv_build=x86_64-unknown-linux-gnu
ac_cv_c_compiler_gnu=yes
ac_cv_env_CC_set=
ac_cv_env_CC_value=
ac_cv_env_CFLAGS_set=
ac_cv_env_CFLAGS_value=
ac_cv_env_CPPFLAGS_set=
ac_cv_env_CPPFLAGS_value=
ac_cv_env_CPP_set=
ac_cv_env_CPP_value=
ac_cv_env_F77_set=
ac_cv_env_F77_value=
ac_cv_env_FFLAGS_set=
ac_cv_env_FFLAGS_value=
ac_cv_env_LDFLAGS_set=
ac_cv_env_LDFLAGS_value=
ac_cv_env_LIBS_set=
ac_cv_env_LIBS_value=
ac_cv_env_LT_SYS_LIBRARY_PATH_set=
ac_cv_env_LT_SYS_LIBRARY_PATH_value=
ac_cv_env_PKG_CONFIG_LIBDIR_set=
ac_cv_env_PKG_CONFIG_LIBDIR_value=
ac_cv_env_PKG_CONFIG_PATH_set=set
ac_cv_env_PKG_CONFIG_PATH_value=/usr/local/lib64/pkgconfig:/usr/local/share/pkgconfig:/usr/lib64/pkgconfig:/usr/share/pkgconfig
ac_cv_env_PKG_CONFIG_set=
ac_cv_env_PKG_CONFIG_value=
ac_cv_env_build_alias_set=
ac_cv_env_build_alias_value=
ac_cv_env_gts_CFLAGS_set=
ac_cv_env_gts_CFLAGS_value=
ac_cv_env_gts_LIBS_set=
ac_cv_env_gts_LIBS_value=
ac_cv_env_host_alias_set=
ac_cv_env_host_alias_value=
ac_cv_env_libmatheval_CFLAGS_set=
ac_cv_env_libmatheval_CFLAGS_value=
ac_cv_env_libmatheval_LIBS_set=
ac_cv_env_libmatheval_LIBS_value=
ac_cv_env_target_alias_set=
ac_cv_env_target_alias_value=
ac_cv_f77_compiler_gnu=yes
ac_cv_file_fmmlib3d_1_2=yes
ac_cv_header_dlfcn_h=yes
ac_cv_header_inttypes_h=yes
ac_cv_header_memory_h=yes
ac_cv_header_stdc=yes
ac_cv_header_stdint_h=yes
ac_cv_header_stdlib_h=yes
ac_cv_header_string_h=yes
ac_cv_header_strings_h=yes
ac_cv_header_sys_stat_h=yes
ac_cv_header_sys_types_h=yes
ac_cv_header_unistd_h=yes
ac_cv_host=x86_64-unknown-linux-gnu
ac_cv_lib_m_sqrt=yes
ac_cv_objext=o
ac_cv_path_EGREP='/usr/bin/grep -E'
ac_cv_path_FGREP='/usr/bin/grep -F'
ac_cv_path_GREP=/usr/bin/grep
ac_cv_path_SED=/usr/bin/sed
ac_cv_path_ac_pt_PKG_CONFIG=/usr/bin/pkg-config
ac_cv_path_install='/usr/bin/ginstall -c'
ac_cv_path_lt_DD=/usr/bin/dd
ac_cv_path_mkdir=/usr/bin/mkdir
ac_cv_prog_AWK=gawk
ac_cv_prog_CPP='gcc -E'
ac_cv_prog_GQR=yes
ac_cv_prog_GSL=yes
ac_cv_prog_SISL=yes
ac_cv_prog_WMPI=yes
ac_cv_prog_ac_ct_AR=ar
ac_cv_prog_ac_ct_CC=gcc
ac_cv_prog_ac_ct_DLLTOOL=dlltool
ac_cv_prog_ac_ct_F77=g77
ac_cv_prog_ac_ct_MANIFEST_TOOL=mt
ac_cv_prog_ac_ct_OBJDUMP=objdump
ac_cv_prog_ac_ct_RANLIB=ranlib
ac_cv_prog_ac_ct_STRIP=strip
ac_cv_prog_cc_c89=
ac_cv_prog_cc_g=yes
ac_cv_prog_f77_g=yes
ac_cv_prog_make_make_set=yes
ac_cv_search_strerror='none required'
am_cv_CC_dependencies_compiler_type=gcc3
am_cv_make_support_nested_variables=yes
am_cv_prog_cc_c_o=yes
lt_cv_ar_at_file=@
lt_cv_archive_cmds_need_lc=no
lt_cv_deplibs_check_method=pass_all
lt_cv_file_magic_cmd='$MAGIC_CMD'
lt_cv_file_magic_test_file=
lt_cv_ld_reload_flag=-r
lt_cv_nm_interface='BSD nm'
lt_cv_objdir=.libs
lt_cv_path_LD=/usr/x86_64-slackware-linux/bin/ld
lt_cv_path_NM='/usr/bin/nm -B'
lt_cv_path_mainfest_tool=no
lt_cv_prog_compiler_c_o=yes
lt_cv_prog_compiler_c_o_F77=yes
lt_cv_prog_compiler_pic='-fPIC -DPIC'
lt_cv_prog_compiler_pic_F77=-fPIC
lt_cv_prog_compiler_pic_works=yes
lt_cv_prog_compiler_pic_works_F77=yes
lt_cv_prog_compiler_rtti_exceptions=no
lt_cv_prog_compiler_static_works=yes
lt_cv_prog_compiler_static_works_F77=yes
lt_cv_prog_gnu_ld=yes
lt_cv_sharedlib_from_linklib_cmd='printf %s\n'
lt_cv_shlibpath_overrides_runpath=no
lt_cv_sys_global_symbol_pipe='sed -n -e '\''s/^.*[	 ]\([ABCDGIRSTW][ABCDGIRSTW]*\)[	 ][	 ]*\([_A-Za-z][_A-Za-z0-9]*\)$/\1 \2 \2/p'\'' | sed '\''/ __gnu_lto/d'\'''
lt_cv_sys_global_symbol_to_c_name_address='sed -n -e '\''s/^: \(.*\) .*$/  {"\1", (void *) 0},/p'\'' -e '\''s/^[ABCDGIRSTW][ABCDGIRSTW]* .* \(.*\)$/  {"\1", (void *) \&\1},/p'\'''
lt_cv_sys_global_symbol_to_c_name_address_lib_prefix='sed -n -e '\''s/^: \(.*\) .*$/  {"\1", (void *) 0},/p'\'' -e '\''s/^[ABCDGIRSTW][ABCDGIRSTW]* .* \(lib.*\)$/  {"\1", (void *) \&\1},/p'\'' -e '\''s/^[ABCDGIRSTW][ABCDGIRSTW]* .* \(.*\)$/  {"lib\1", (void *) \&\1},/p'\'''
lt_cv_sys_global_symbol_to_cdecl='sed -n -e '\''s/^T .* \(.*\)$/extern int \1();/p'\'' -e '\''s/^[ABCDGIRSTW][ABCDGIRSTW]* .* \(.*\)$/extern char \1;/p'\'''
lt_cv_sys_global_symbol_to_import=
lt_cv_sys_max_cmd_len=1572864
lt_cv_to_host_file_cmd=func_convert_file_noop
lt_cv_to_tool_file_cmd=func_convert_file_noop
lt_cv_truncate_bin='/usr/bin/dd bs=4096 count=1'
pkg_cv_gts_CFLAGS='-pthread -I/usr/include/glib-2.0 -I/usr/lib64/glib-2.0/include'
pkg_cv_gts_LIBS='-lgts -lgthread-2.0 -pthread -Wl,--export-dynamic -lgmodule-2.0 -pthread -lglib-2.0'
pkg_cv_libmatheval_CFLAGS=-I/usr/local/include
pkg_cv_libmatheval_LIBS='-L/usr/local/lib -lmatheval'

## ----------------- ##
## Output variables. ##
## ----------------- ##

ACLOCAL='${SHELL} /home/ensmjc/Codes/C/BEM3D/missing aclocal-1.15'
AMDEPBACKSLASH='\'
AMDEP_FALSE='#'
AMDEP_TRUE=''
AMTAR='$${TAR-tar}'
AM_BACKSLASH='\'
AM_DEFAULT_V='$(AM_DEFAULT_VERBOSITY)'
AM_DEFAULT_VERBOSITY='1'
AM_V='$(V)'
AR='ar'
AUTOCONF='${SHELL} /home/ensmjc/Codes/C/BEM3D/missing autoconf'
AUTOHEADER='${SHELL} /home/ensmjc/Codes/C/BEM3D/missing autoheader'
AUTOMAKE='${SHELL} /home/ensmjc/Codes/C/BEM3D/missing automake-1.15'
AWK='gawk'
BEM3D_VERSION='0.2.1'
CC='gcc'
CCDEPMODE='depmode=gcc3'
CFLAGS='-g -O2 -Wall -Werror-implicit-function-declaration -Wstrict-prototypes -Wmissing-prototypes -Wmissing-declarations -I/usr/local/include -I/usr/include/glib-2.0 -I/usr/lib64/glib-2.0/include -I/usr/include/glib-2.0 -I/usr/lib64/glib-2.0/include -I/usr/include -I/home/ensmjc/Codes/include -I/usr/include'
CPP='gcc -E'
CPPFLAGS=''
CYGPATH_W='echo'
DEFS='-DHAVE_CONFIG_H'
DEPDIR='.deps'
DLLTOOL='dlltool'
DSYMUTIL=''
DUMPBIN=''
ECHO_C=''
ECHO_N='-n'
ECHO_T=''
EGREP='/usr/bin/grep -E'
EXEEXT=''
F77='g77'
FFLAGS='-g -O2'
FGREP='/usr/bin/grep -F'
GQR='yes'
GREP='/usr/bin/grep'
GSL='yes'
GTS=''
INSTALL_DATA='${INSTALL} -m 644'
INSTALL_PROGRAM='${INSTALL}'
INSTALL_SCRIPT='${INSTALL}'
INSTALL_STRIP_PROGRAM='$(install_sh) -c -s'
LD='/usr/x86_64-slackware-linux/bin/ld -m elf_x86_64'
LDFLAGS=' -lgts -lgthread-2.0 -pthread -Wl,--export-dynamic -lgmodule-2.0 -pthread -lglib-2.0 -L/home/ensmjc/Codes/lib -lgqr -L/usr/lib64 -lgsl -lgslcblas -lm -llapack -lcblas -lf77blas -latlas -lm -L/usr/lib64/gcc/x86_64-slackware-linux/5.4.0 -L/usr/lib64/gcc/x86_64-slackware-linux/5.4.0/../../../../lib64 -L/lib/../lib64 -L/usr/lib/../lib64 -L/usr/lib64/gcc/x86_64-slackware-linux/5.4.0/../../../../x86_64-slackware-linux/lib -L/usr/lib64/gcc/x86_64-slackware-linux/5.4.0/../../.. -lgfortran -lm -lquadmath -L/usr/lib64 -lgsl -lgslcblas -lm'
LIBOBJS=''
LIBS='-L/home/ensmjc/Codes/lib -lgqr -L/usr/lib64 -lgsl -lgslcblas -lm -llapack -lcblas -lf77blas -latlas -lm -L/usr/lib64/gcc/x86_64-slackware-linux/5.4.0 -L/usr/lib64/gcc/x86_64-slackware-linux/5.4.0/../../../../lib64 -L/lib/../lib64 -L/usr/lib/../lib64 -L/usr/lib64/gcc/x86_64-slackware-linux/5.4.0/../../../../x86_64-slackware-linux/lib -L/usr/lib64/gcc/x86_64-slackware-linux/5.4.0/../../.. -lgfortran -lm -lquadmath -L/usr/lib64 -lgsl -lgslcblas -lm -L/usr/local/lib -lmatheval -lgts -lgthread-2.0 -pthread -Wl,--export-dynamic -lgmodule-2.0 -pthread -lglib-2.0 -lm '
LIBTOOL='$(SHELL) $(top_builddir)/libtool'
LIPO=''
LN_S='ln -s'
LTLIBOBJS=''
LT_AGE='0'
LT_CURRENT='0'
LT_RELEASE='0.2'
LT_REVISION='1'
LT_SYS_LIBRARY_PATH=''
MAKEINFO='${SHELL} /home/ensmjc/Codes/C/BEM3D/missing makeinfo'
MANIFEST_TOOL=':'
MKDIR_P='/usr/bin/mkdir -p'
NM='/usr/bin/nm -B'
NMEDIT=''
OBJDUMP='objdump'
OBJEXT='o'
OTOOL64=''
OTOOL=''
PACKAGE='bem3d'
PACKAGE_BUGREPORT=''
PACKAGE_NAME='bem3d'
PACKAGE_STRING='bem3d 0.2'
PACKAGE_TARNAME='bem3d'
PACKAGE_URL=''
PACKAGE_VERSION='0.2'
PATH_SEPARATOR=':'
PKG_CONFIG='/usr/bin/pkg-config'
PKG_CONFIG_LIBDIR=''
PKG_CONFIG_PATH='/usr/local/lib64/pkgconfig:/usr/local/share/pkgconfig:/usr/lib64/pkgconfig:/usr/share/pkgconfig'
RANLIB='ranlib'
SED='/usr/bin/sed'
SET_MAKE=''
SHELL='/bin/sh'
SISL='yes'
STRIP='strip'
USE_FMMLIB3D_1_2_FALSE='#'
USE_FMMLIB3D_1_2_TRUE=''
VERSION='0.2'
WMPI='yes'
ac_ct_AR='ar'
ac_ct_CC='gcc'
ac_ct_DUMPBIN=''
ac_ct_F77='g77'
am__EXEEXT_FALSE=''
am__EXEEXT_TRUE='#'
am__fastdepCC_FALSE='#'
am__fastdepCC_TRUE=''
am__include='include'
am__isrc=''
am__leading_dot='.'
am__nodep='_no'
am__quote=''
am__tar='$${TAR-tar} chof - "$$tardir"'
am__untar='$${TAR-tar} xf -'
amm_tools=''
bindir='${exec_prefix}/bin'
build='x86_64-unknown-linux-gnu'
build_alias=''
build_cpu='x86_64'
build_os='linux-gnu'
build_vendor='unknown'
datadir='${datarootdir}'
datarootdir='${prefix}/share'
docdir='${datarootdir}/doc/${PACKAGE_TARNAME}'
dvidir='${docdir}'
exec_prefix='${prefix}'
gqr_cflags='-I/usr/include/glib-2.0 -I/usr/lib64/glib-2.0/include -I/usr/include -I/home/ensmjc/Codes/include'
gqr_libs='-L/home/ensmjc/Codes/lib -lgqr -L/usr/lib64 -lgsl -lgslcblas -lm -llapack -lcblas -lf77blas -latlas -lm -L/usr/lib64/gcc/x86_64-slackware-linux/5.4.0 -L/usr/lib64/gcc/x86_64-slackware-linux/5.4.0/../../../../lib64 -L/lib/../lib64 -L/usr/lib/../lib64 -L/usr/lib64/gcc/x86_64-slackware-linux/5.4.0/../../../../x86_64-slackware-linux/lib -L/usr/lib64/gcc/x86_64-slackware-linux/5.4.0/../../.. -lgfortran -lm -lquadmath'
gsl_cflags='-I/usr/include'
gsl_libs='-L/usr/lib64 -lgsl -lgslcblas -lm'
gts_CFLAGS='-pthread -I/usr/include/glib-2.0 -I/usr/lib64/glib-2.0/include'
gts_LIBS='-lgts -lgthread-2.0 -pthread -Wl,--export-dynamic -lgmodule-2.0 -pthread -lglib-2.0'
gts_cflags='-I/usr/include/glib-2.0 -I/usr/lib64/glib-2.0/include'
gts_libs='-lgts -lgthread-2.0 -pthread -Wl,--export-dynamic -lgmodule-2.0 -pthread -lglib-2.0'
host='x86_64-unknown-linux-gnu'
host_alias=''
host_cpu='x86_64'
host_os='linux-gnu'
host_vendor='unknown'
htmldir='${docdir}'
includedir='${prefix}/include'
infodir='${datarootdir}/info'
install_sh='${SHELL} /home/ensmjc/Codes/C/BEM3D/install-sh'
libdir='${exec_prefix}/lib'
libexecdir='${exec_prefix}/libexec'
libmatheval_CFLAGS='-I/usr/local/include'
libmatheval_LIBS='-L/usr/local/lib -lmatheval'
localedir='${datarootdir}/locale'
localstatedir='${prefix}/var'
mandir='${datarootdir}/man'
mkdir_p='$(MKDIR_P)'
mpi_tools=''
oldincludedir='/usr/include'
pdfdir='${docdir}'
prefix='/home/ensmjc/Codes'
program_transform_name='s,x,x,'
psdir='${docdir}'
sbindir='${exec_prefix}/sbin'
sharedstatedir='${prefix}/com'
sisl_cflags='-I/usr/include -I/usr/include/glib-2.0 -I/usr/lib64/glib-2.0/include -I/home/ensmjc/Codes/include'
sisl_libs='-L/home/ensmjc/Codes/lib -lsisl -L/usr/lib64 -lgsl -lm -lcblas -lf77blas -latlas -lm -L/usr/lib64/gcc/x86_64-slackware-linux/5.4.0 -L/usr/lib64/gcc/x86_64-slackware-linux/5.4.0/../../../../lib64 -L/lib/../lib64 -L/usr/lib/../lib64 -L/usr/lib64/gcc/x86_64-slackware-linux/5.4.0/../../../../x86_64-slackware-linux/lib -L/usr/lib64/gcc/x86_64-slackware-linux/5.4.0/../../.. -lgfortran -lm -lquadmath'
sysconfdir='${prefix}/etc'
target_alias=''
wmpi_cflags='-I/usr/include/glib-2.0 -I/usr/lib64/glib-2.0/include -I/home/ensmjc/Codes/include'
wmpi_libs='-L/home/ensmjc/Codes/lib -lwmpi_s -lglib-2.0 -L/home/ensmjc/Codes/lib -lglib-2.0 -lm'

## ----------- ##
## confdefs.h. ##
## ----------- ##

/* confdefs.h */
#define PACKAGE_NAME "bem3d"
#define PACKAGE_TARNAME "bem3d"
#define PACKAGE_VERSION "0.2"
#define PACKAGE_STRING "bem3d 0.2"
#define PACKAGE_BUGREPORT ""
#define PACKAGE_URL ""
#define PACKAGE "bem3d"
#define VERSION "0.2"
#define BEM3D_INTERFACE_AGE 1
#define BEM3D_BINARY_AGE 1
#define STDC_HEADERS 1
#define HAVE_SYS_TYPES_H 1
#define HAVE_SYS_STAT_H 1
#define HAVE_STDLIB_H 1
#define HAVE_STRING_H 1
#define HAVE_MEMORY_H 1
#define HAVE_STRINGS_H 1
#define HAVE_INTTYPES_H 1
#define HAVE_STDINT_H 1
#define HAVE_UNISTD_H 1
#define HAVE_DLFCN_H 1
#define LT_OBJDIR ".libs/"
#define STDC_HEADERS 1
#define HAVE_GQR 1
#define HAVE_SISL 1
#define HAVE_WMPI 1
#define HAVE_FMMLIB3D_1_2 1
#define HAVE_LIBMATHEVAL 1
#define HAVE_LIBM 1

configure: exit 0

## ---------------------- ##
## Running config.status. ##
## ---------------------- ##

This file was extended by bem3d config.status 0.2, which was
generated by GNU Autoconf 2.69.  Invocation command line was

  CONFIG_FILES    = 
  CONFIG_HEADERS  = 
  CONFIG_LINKS    = 
  CONFIG_COMMANDS = 
  $ ./config.status tools/Makefile depfiles

on aerialist-1

config.status:1201: creating tools/Makefile
config.status:1430: executing depfiles commands

## ---------------------- ##
## Running config.status. ##
## ---------------------- ##

This file was extended by bem3d config.status 0.2, which was
generated by GNU Autoconf 2.69.  Invocation command line was

  CONFIG_FILES    = 
  CONFIG_HEADERS  = 
  CONFIG_LINKS    = 
  CONFIG_COMMANDS = 
  $ ./config.status Makefile

on aerialist-1

config.status:1201: creating Makefile

## ---------------------- ##
## Running config.status. ##
## ---------------------- ##

This file was extended by bem3d config.status 0.2, which was
generated by GNU Autoconf 2.69.  Invocation command line was

  CONFIG_FILES    = 
  CONFIG_HEADERS  = 
  CONFIG_LINKS    = 
  CONFIG_COMMANDS = 
  $ ./config.status src/Makefile depfiles

on aerialist-1

config.status:1201: creating src/Makefile
config.status:1430: executing depfiles commands

## ---------------------- ##
## Running config.status. ##
## ---------------------- ##

This file was extended by bem3d config.status 0.2, which was
generated by GNU Autoconf 2.69.  Invocation command line was

  CONFIG_FILES    = 
  CONFIG_HEADERS  = 
  CONFIG_LINKS    = 
  CONFIG_COMMANDS = 
  $ ./config.status doc/Makefile

on aerialist-1

config.status:1201: creating doc/Makefile

## ---------------------- ##
## Running config.status. ##
## ---------------------- ##

This file was extended by bem3d config.status 0.2, which was
generated by GNU Autoconf 2.69.  Invocation command line was

  CONFIG_FILES    = 
  CONFIG_HEADERS  = 
  CONFIG_LINKS    = 
  CONFIG_COMMANDS = 
  $ ./config.status doc/html/Makefile

on aerialist-1

config.status:1201: creating doc/html/Makefile

## ---------------------- ##
## Running config.status. ##
## ---------------------- ##

This file was extended by bem3d config.status 0.2, which was
generated by GNU Autoconf 2.69.  Invocation command line was

  CONFIG_FILES    = 
  CONFIG_HEADERS  = 
  CONFIG_LINKS    = 
  CONFIG_COMMANDS = 
  $ ./config.status src/bem3d-config

on aerialist-1

config.status:1201: creating src/bem3d-config
